ncsim: 10.20-s100: (c) Copyright 1995-2011 Cadence Design Systems, Inc.

-------------------------------------
Relinquished control to SimVision...
ncsim> 
ncsim> database -open waves -into waves.shm -default
Created default SHM database waves
ncsim> probe -create -shm full_subtractor_c_tb.a full_subtractor_c_tb.b full_subtractor_c_tb.bin full_subtractor_c_tb.bout full_subtractor_c_tb.diff
Created probe 1
ncsim> run
Time=                   0 a=0 b=0 bin=0 diff=0 bout=0
Time=                  10 a=0 b=0 bin=1 diff=1 bout=1
Time=                  20 a=0 b=1 bin=0 diff=1 bout=1
Time=                  30 a=0 b=1 bin=1 diff=0 bout=1
Time=                  40 a=1 b=0 bin=0 diff=1 bout=0
Time=                  50 a=1 b=0 bin=1 diff=0 bout=0
Time=                  60 a=1 b=1 bin=0 diff=0 bout=0
Time=                  70 a=1 b=1 bin=1 diff=1 bout=1
Simulation complete via $finish(1) at time 80 NS + 0
./full_subtractor_d_tb.v:26 	$finish;
ncsim> ^C
ncsim> exit
ncsim: Memory Usage - 20.7M program + 32.0M data = 52.7M total
ncsim: CPU Usage - 0.2s system + 2.6s user = 2.8s total (52.6s, 5.3% cpu)
