ncsim: 10.20-s100: (c) Copyright 1995-2011 Cadence Design Systems, Inc.

-------------------------------------
Relinquished control to SimVision...
ncsim> 
ncsim> database -open waves -into waves.shm -default
Created default SHM database waves
ncsim> probe -create -shm full_adder_d_tb.a full_adder_d_tb.b full_adder_d_tb.cin full_adder_d_tb.cout full_adder_d_tb.sum
Created probe 1
ncsim> run
Time=                   0 a=0 b=0 cin=0 sum=0 cout=0
Time=                  10 a=0 b=0 cin=1 sum=1 cout=0
Time=                  20 a=0 b=1 cin=0 sum=1 cout=0
Time=                  30 a=0 b=1 cin=1 sum=0 cout=1
Time=                  40 a=1 b=0 cin=0 sum=1 cout=0
Time=                  50 a=1 b=0 cin=1 sum=0 cout=1
Time=                  60 a=1 b=1 cin=0 sum=0 cout=1
Time=                  70 a=1 b=1 cin=1 sum=1 cout=1
Simulation complete via $finish(1) at time 80 NS + 0
./full_adder_d_tb.v:26 	$finish;
ncsim> ^C
ncsim> exit
ncsim: Memory Usage - 20.7M program + 32.1M data = 52.8M total
ncsim: CPU Usage - 0.3s system + 3.9s user = 4.2s total (61.0s, 6.9% cpu)
